SF:lib/ui/widgets/my_app.dart
DA:9,1
DA:12,1
DA:14,1
DA:15,2
LF:4
LH:4
end_of_record
SF:lib/ui/widgets/change_color_screen/background_color_change_model.dart
DA:16,2
DA:19,2
DA:22,2
DA:25,1
DA:28,1
DA:29,2
DA:31,1
DA:32,1
DA:35,1
DA:36,1
DA:38,1
DA:39,2
DA:40,2
DA:41,2
DA:42,1
LF:15
LH:15
end_of_record
SF:lib/ui/widgets/change_color_screen/background_color_change_widget.dart
DA:8,1
DA:10,1
DA:12,1
DA:14,3
DA:15,2
DA:17,1
DA:18,1
DA:19,1
DA:20,1
DA:22,1
DA:23,1
DA:24,1
DA:25,2
LF:13
LH:13
end_of_record
